0 info it worked if it ends with ok
1 verbose cli [ '/usr/bin/nodejs',
1 verbose cli   '/usr/bin/npm',
1 verbose cli   'install',
1 verbose cli   '-g',
1 verbose cli   'node-inspector' ]
2 info using npm@1.3.10
3 info using node@v0.10.25
4 verbose cache add [ 'node-inspector', null ]
5 verbose cache add name=undefined spec="node-inspector" args=["node-inspector",null]
6 verbose parsed url { protocol: null,
6 verbose parsed url   slashes: null,
6 verbose parsed url   auth: null,
6 verbose parsed url   host: null,
6 verbose parsed url   port: null,
6 verbose parsed url   hostname: null,
6 verbose parsed url   hash: null,
6 verbose parsed url   search: null,
6 verbose parsed url   query: null,
6 verbose parsed url   pathname: 'node-inspector',
6 verbose parsed url   path: 'node-inspector',
6 verbose parsed url   href: 'node-inspector' }
7 silly lockFile 4198ef9e-node-inspector node-inspector
8 verbose lock node-inspector /home/cabox/.npm/4198ef9e-node-inspector.lock
9 silly lockFile 4198ef9e-node-inspector node-inspector
10 silly lockFile 4198ef9e-node-inspector node-inspector
11 verbose addNamed [ 'node-inspector', '' ]
12 verbose addNamed [ null, '*' ]
13 silly lockFile e68b88da-node-inspector node-inspector@
14 verbose lock node-inspector@ /home/cabox/.npm/e68b88da-node-inspector.lock
15 silly addNameRange { name: 'node-inspector', range: '*', hasData: false }
16 verbose url raw node-inspector
17 verbose url resolving [ 'https://registry.npmjs.org/', './node-inspector' ]
18 verbose url resolved https://registry.npmjs.org/node-inspector
19 info trying registry request attempt 1 at 19:40:22
20 http GET https://registry.npmjs.org/node-inspector
21 http 200 https://registry.npmjs.org/node-inspector
22 silly registry.get cb [ 200,
22 silly registry.get   { date: 'Thu, 18 Dec 2014 00:35:25 GMT',
22 silly registry.get     server: 'CouchDB/1.5.0 (Erlang OTP/R16B03)',
22 silly registry.get     etag: '"ETYXSI6PYVU2POLX2J4UUJDVX"',
22 silly registry.get     'content-type': 'application/json',
22 silly registry.get     'cache-control': 'max-age=60',
22 silly registry.get     'content-length': '84654',
22 silly registry.get     'accept-ranges': 'bytes',
22 silly registry.get     via: '1.1 varnish',
22 silly registry.get     age: '56',
22 silly registry.get     'x-served-by': 'cache-lax1423-LAX',
22 silly registry.get     'x-cache': 'HIT',
22 silly registry.get     'x-cache-hits': '1',
22 silly registry.get     'x-timer': 'S1418862925.458491,VS0,VE0',
22 silly registry.get     vary: 'Accept',
22 silly registry.get     'keep-alive': 'timeout=10, max=50',
22 silly registry.get     connection: 'Keep-Alive' } ]
23 silly addNameRange number 2 { name: 'node-inspector', range: '*', hasData: true }
24 silly addNameRange versions [ 'node-inspector',
24 silly addNameRange   [ '0.0.1',
24 silly addNameRange     '0.0.2',
24 silly addNameRange     '0.0.3',
24 silly addNameRange     '0.0.4',
24 silly addNameRange     '0.1.0',
24 silly addNameRange     '0.1.1',
24 silly addNameRange     '0.1.2',
24 silly addNameRange     '0.1.3',
24 silly addNameRange     '0.1.4',
24 silly addNameRange     '0.1.5',
24 silly addNameRange     '0.1.6',
24 silly addNameRange     '0.1.7',
24 silly addNameRange     '0.1.8',
24 silly addNameRange     '0.1.9',
24 silly addNameRange     '0.1.10',
24 silly addNameRange     '0.3.0',
24 silly addNameRange     '0.3.1',
24 silly addNameRange     '0.3.2',
24 silly addNameRange     '0.3.3',
24 silly addNameRange     '0.3.4',
24 silly addNameRange     '0.4.0',
24 silly addNameRange     '0.5.0',
24 silly addNameRange     '0.6.0',
24 silly addNameRange     '0.6.1',
24 silly addNameRange     '0.6.2',
24 silly addNameRange     '0.7.0-1',
24 silly addNameRange     '0.2.0-beta1',
24 silly addNameRange     '0.2.0-beta2',
24 silly addNameRange     '0.2.0-beta3',
24 silly addNameRange     '0.2.0-beta4',
24 silly addNameRange     '0.3.0-preview1',
24 silly addNameRange     '0.7.0-2',
24 silly addNameRange     '0.7.0',
24 silly addNameRange     '0.7.1',
24 silly addNameRange     '0.7.2',
24 silly addNameRange     '0.7.3',
24 silly addNameRange     '0.7.4',
24 silly addNameRange     '0.8.0',
24 silly addNameRange     '0.8.1' ] ]
25 verbose addNamed [ 'node-inspector', '0.8.1' ]
26 verbose addNamed [ '0.8.1', '0.8.1' ]
27 silly lockFile 4403522e-node-inspector-0-8-1 node-inspector@0.8.1
28 verbose lock node-inspector@0.8.1 /home/cabox/.npm/4403522e-node-inspector-0-8-1.lock
29 silly lockFile fc37aa2e-spector-node-inspector-0-8-1-tgz https://registry.npmjs.org/node-inspector/-/node-inspector-0.8.1.tgz
30 verbose lock https://registry.npmjs.org/node-inspector/-/node-inspector-0.8.1.tgz /home/cabox/.npm/fc37aa2e-spector-node-inspector-0-8-1-tgz.lock
31 verbose addRemoteTarball [ 'https://registry.npmjs.org/node-inspector/-/node-inspector-0.8.1.tgz',
31 verbose addRemoteTarball   '2e7e88d47c4dc0761497f2fba520ca2310985950' ]
32 silly lockFile fc37aa2e-spector-node-inspector-0-8-1-tgz https://registry.npmjs.org/node-inspector/-/node-inspector-0.8.1.tgz
33 silly lockFile fc37aa2e-spector-node-inspector-0-8-1-tgz https://registry.npmjs.org/node-inspector/-/node-inspector-0.8.1.tgz
34 silly lockFile 4403522e-node-inspector-0-8-1 node-inspector@0.8.1
35 silly lockFile 4403522e-node-inspector-0-8-1 node-inspector@0.8.1
36 silly lockFile e68b88da-node-inspector node-inspector@
37 silly lockFile e68b88da-node-inspector node-inspector@
38 error Error: EACCES, mkdir '/home/cabox/tmp/npm-687-9GSA4Xob'
38 error  { [Error: EACCES, mkdir '/home/cabox/tmp/npm-687-9GSA4Xob']
38 error   errno: 3,
38 error   code: 'EACCES',
38 error   path: '/home/cabox/tmp/npm-687-9GSA4Xob' }
39 error Please try running this command again as root/Administrator.
40 error System Linux 2.6.32-042stab092.3
41 error command "/usr/bin/nodejs" "/usr/bin/npm" "install" "-g" "node-inspector"
42 error cwd /home/cabox/workspace
43 error node -v v0.10.25
44 error npm -v 1.3.10
45 error path /home/cabox/tmp/npm-687-9GSA4Xob
46 error code EACCES
47 error errno 3
48 error stack Error: EACCES, mkdir '/home/cabox/tmp/npm-687-9GSA4Xob'
49 verbose exit [ 3, true ]
